июн. 24, 2023 11:00:24 PM View.Menu menu
INFO: Старт программы!!!
июн. 24, 2023 11:00:33 PM View.Menu menu
INFO: Создана новая игрушка!!!
июн. 24, 2023 11:00:35 PM View.Menu menu
INFO: Запущен розыгрыш!!!
июн. 24, 2023 11:00:35 PM View.Menu menu
INFO: Игрушка
id: 4c1e0feb-8c9c-4a0f-92a2-2b8be87e3607
name: rabbit
quantity: 70
chance: 68,627451
Розыгранна и добавленна в очередь на выдачу
июн. 24, 2023 11:00:42 PM View.Menu menu
INFO: Запущен розыгрыш!!!
июн. 24, 2023 11:00:42 PM View.Menu menu
INFO: Игрушка
id: 4c1e0feb-8c9c-4a0f-92a2-2b8be87e3607
name: rabbit
quantity: 70
chance: 68,627451
Розыгранна и добавленна в очередь на выдачу
июн. 24, 2023 11:01:52 PM View.Menu menu
INFO: Старт программы!!!
июн. 24, 2023 11:02:06 PM View.Menu menu
INFO: Создана новая игрушка!!!
июн. 24, 2023 11:02:08 PM View.Menu menu
INFO: Запущен розыгрыш!!!
июн. 24, 2023 11:02:08 PM View.Menu menu
INFO: Игрушка
id: ba0e1e42-155d-4526-951e-d0267ae670b6
name: rabbit
quantity: 70
chance: 68,627451
Розыгранна и добавленна в очередь на выдачу
июн. 24, 2023 11:02:09 PM View.Menu menu
INFO: Запущен розыгрыш!!!
июн. 24, 2023 11:02:09 PM View.Menu menu
INFO: Игрушка
id: 8d0a83f4-8a1a-4ff3-9e9f-a96e886513f3
name: qwe
quantity: 12
chance: 11,764706
Розыгранна и добавленна в очередь на выдачу
июн. 24, 2023 11:02:20 PM View.Menu menu
INFO: Игрушка rabbit выданна
июн. 24, 2023 11:02:26 PM View.Menu menu
INFO: Запущен розыгрыш!!!
июн. 24, 2023 11:02:26 PM View.Menu menu
INFO: Игрушка
id: ba0e1e42-155d-4526-951e-d0267ae670b6
name: rabbit
quantity: 70
chance: 68,627451
Розыгранна и добавленна в очередь на выдачу
июн. 24, 2023 11:02:26 PM View.Menu menu
INFO: Запущен розыгрыш!!!
июн. 24, 2023 11:02:26 PM View.Menu menu
INFO: Игрушка
id: ba0e1e42-155d-4526-951e-d0267ae670b6
name: rabbit
quantity: 70
chance: 68,627451
Розыгранна и добавленна в очередь на выдачу
июн. 24, 2023 11:02:29 PM View.Menu menu
INFO: Игрушка qwe выданна
июн. 24, 2023 11:02:39 PM View.Menu menu
INFO: Игрушка rabbit выданна
июн. 24, 2023 11:02:40 PM View.Menu menu
INFO: Игрушка rabbit выданна
июн. 24, 2023 11:04:53 PM View.Menu menu
INFO: Старт программы!!!
июн. 24, 2023 11:05:42 PM View.Menu menu
INFO: Старт программы!!!
июн. 24, 2023 11:06:36 PM View.Menu menu
INFO: Старт программы!!!
июн. 24, 2023 11:08:54 PM View.Menu menu
INFO: Старт программы!!!
июн. 24, 2023 11:08:55 PM View.Menu menu
WARNING: Ой что то пошло не так
